
Printing code table
   0 | p = 0     | k = -1    | code = 0 | lastUse = 0
   1 | p = 0     | k = -2    | code = 1 | lastUse = 0
   2 | p = 0     | k = -3    | code = 2 | lastUse = 0
   3 | p = 0     | k = -4    | code = 3 | lastUse = 16742
   4 | p = 0     | k = -5    | code = 4 | lastUse = 0
   5 | p = 0     | k = 105   | code = 5 | lastUse = 16743
   6 | p = 0     | k = 46    | code = 6 | lastUse = 0
   7 | p = 6     | k = 32    | code = 7 | lastUse = 0
   8 | p = 7     | k = 34    | code = 8 | lastUse = 16738
   9 | p = 0     | k = 115   | code = 9 | lastUse = 0
  10 | p = 9     | k = 44    | code = 10 | lastUse = 0
  11 | p = 10    | k = 32    | code = 11 | lastUse = 16741
  12 | p = 0     | k = 97    | code = 12 | lastUse = 0
  13 | p = 12    | k = 105   | code = 13 | lastUse = 0
  14 | p = 13    | k = 100   | code = 14 | lastUse = 0
  15 | p = 14    | k = 32    | code = 15 | lastUse = 0
  16 | p = 15    | k = 80    | code = 16 | lastUse = 16735
  17 | p = 9     | k = 105   | code = 17 | lastUse = 0
  18 | p = 17    | k = 100   | code = 18 | lastUse = 0
  19 | p = 18    | k = 101   | code = 19 | lastUse = 16740
  20 | p = 0     | k = 65    | code = 20 | lastUse = 0
  21 | p = 20    | k = 110   | code = 21 | lastUse = 0
  22 | p = 21    | k = 100   | code = 22 | lastUse = 0
  23 | p = 22    | k = 114   | code = 23 | lastUse = 0
  24 | p = 23    | k = 101   | code = 24 | lastUse = 0
  25 | p = 24    | k = 119   | code = 25 | lastUse = 16737
  26 | p = 0     | k = 66    | code = 26 | lastUse = 0
  27 | p = 26    | k = 101   | code = 27 | lastUse = 16739
  28 | p = 0     | k = 63    | code = 28 | lastUse = 0
  29 | p = 28    | k = 34    | code = 29 | lastUse = 0
  30 | p = 29    | k = 32    | code = 30 | lastUse = 0
  31 | p = 30    | k = 115   | code = 31 | lastUse = 16734
  32 | p = 0     | k = 114   | code = 32 | lastUse = 0
  33 | p = 32    | k = 105   | code = 33 | lastUse = 0
  34 | p = 33    | k = 110   | code = 34 | lastUse = 0
  35 | p = 34    | k = 99    | code = 35 | lastUse = 0
  36 | p = 35    | k = 101   | code = 36 | lastUse = 0
  37 | p = 36    | k = 32    | code = 37 | lastUse = 16736
numEntries = 38 | numBits = 6 | MaxCode = 4095

