
Printing code table
   0 | p = 0     | k = -1    | code = 0 | lastUse = 0
   1 | p = 0     | k = -2    | code = 1 | lastUse = 0
   2 | p = 0     | k = -3    | code = 2 | lastUse = 0
   3 | p = 0     | k = -4    | code = 3 | lastUse = 12561
   4 | p = 0     | k = -5    | code = 4 | lastUse = 0
   5 | p = 0     | k = 32    | code = 5 | lastUse = 12562
   6 | p = 0     | k = 108   | code = 6 | lastUse = 0
   7 | p = 6     | k = 105   | code = 7 | lastUse = 12554
   8 | p = 0     | k = 105   | code = 8 | lastUse = 0
   9 | p = 8     | k = 102   | code = 9 | lastUse = 0
  10 | p = 9     | k = 32    | code = 10 | lastUse = 12557
  11 | p = 0     | k = 114   | code = 11 | lastUse = 0
  12 | p = 11    | k = 101   | code = 12 | lastUse = 0
  13 | p = 12    | k = 97    | code = 13 | lastUse = 12553
  14 | p = 0     | k = 115   | code = 14 | lastUse = 0
  15 | p = 14    | k = 107   | code = 15 | lastUse = 12559
  16 | p = 0     | k = 104   | code = 16 | lastUse = 0
  17 | p = 16    | k = 101   | code = 17 | lastUse = 0
  18 | p = 17    | k = 32    | code = 18 | lastUse = 0
  19 | p = 18    | k = 97    | code = 19 | lastUse = 12558
  20 | p = 0     | k = 116   | code = 20 | lastUse = 0
  21 | p = 20    | k = 104   | code = 21 | lastUse = 0
  22 | p = 21    | k = 97    | code = 22 | lastUse = 0
  23 | p = 22    | k = 116   | code = 23 | lastUse = 0
  24 | p = 23    | k = 32    | code = 24 | lastUse = 12556
  25 | p = 0     | k = 101   | code = 25 | lastUse = 0
  26 | p = 25    | k = 100   | code = 26 | lastUse = 0
  27 | p = 26    | k = 32    | code = 27 | lastUse = 0
  28 | p = 27    | k = 111   | code = 28 | lastUse = 0
  29 | p = 28    | k = 110   | code = 29 | lastUse = 12560
  30 | p = 0     | k = 122   | code = 30 | lastUse = 0
  31 | p = 30    | k = 101   | code = 31 | lastUse = 0
  32 | p = 31    | k = 100   | code = 32 | lastUse = 0
  33 | p = 32    | k = 32    | code = 33 | lastUse = 12555
numEntries = 34 | numBits = 6 | MaxCode = 4095

